<?xml version="1.0" encoding="UTF-8"?>
<testng-results skipped="1" failed="0" ignored="0" total="1" passed="0">
  <reporter-output>
  </reporter-output>
  <suite name="Default suite" duration-ms="101" started-at="2018-01-19T07:45:31Z" finished-at="2018-01-19T07:45:31Z">
    <groups>
    </groups>
    <test name="Default test" duration-ms="101" started-at="2018-01-19T07:45:31Z" finished-at="2018-01-19T07:45:31Z">
      <class name="molcritpost.Demo">
        <test-method status="SKIP" signature="testFeature(java.lang.String, java.lang.String)[pri:0, instance:molcritpost.Demo@4b1c1ea0]" name="testFeature" duration-ms="0" started-at="2018-01-19T13:15:31Z" data-provider="data" finished-at="2018-01-19T13:15:31Z">
          <exception class="java.lang.RuntimeException">
            <message>
              <![CDATA[java.lang.NoClassDefFoundError: org/apache/poi/ss/usermodel/Workbook]]>
            </message>
            <full-stacktrace>
              <![CDATA[java.lang.RuntimeException: java.lang.NoClassDefFoundError: org/apache/poi/ss/usermodel/Workbookat org.testng.internal.MethodInvocationHelper.invokeMethodNoCheckedException(MethodInvocationHelper.java:49)at org.testng.internal.MethodInvocationHelper.invokeDataProvider(MethodInvocationHelper.java:131)at org.testng.internal.Parameters.handleParameters(Parameters.java:706)at org.testng.internal.ParameterHandler.handleParameters(ParameterHandler.java:49)at org.testng.internal.ParameterHandler.createParameters(ParameterHandler.java:37)at org.testng.internal.Invoker.invokeTestMethods(Invoker.java:914)at org.testng.internal.TestMethodWorker.invokeTestMethods(TestMethodWorker.java:125)at org.testng.internal.TestMethodWorker.run(TestMethodWorker.java:109)at org.testng.TestRunner.privateRun(TestRunner.java:648)at org.testng.TestRunner.run(TestRunner.java:505)at org.testng.SuiteRunner.runTest(SuiteRunner.java:455)at org.testng.SuiteRunner.runSequentially(SuiteRunner.java:450)at org.testng.SuiteRunner.privateRun(SuiteRunner.java:415)at org.testng.SuiteRunner.run(SuiteRunner.java:364)at org.testng.SuiteRunnerWorker.runSuite(SuiteRunnerWorker.java:52)at org.testng.SuiteRunnerWorker.run(SuiteRunnerWorker.java:84)at org.testng.TestNG.runSuitesSequentially(TestNG.java:1187)at org.testng.TestNG.runSuitesLocally(TestNG.java:1116)at org.testng.TestNG.runSuites(TestNG.java:1028)at org.testng.TestNG.run(TestNG.java:996)at org.testng.remote.AbstractRemoteTestNG.run(AbstractRemoteTestNG.java:114)at org.testng.remote.RemoteTestNG.initAndRun(RemoteTestNG.java:251)at org.testng.remote.RemoteTestNG.main(RemoteTestNG.java:77)Caused by: java.lang.NoClassDefFoundError: org/apache/poi/ss/usermodel/Workbookat java.lang.ClassLoader.defineClass1(Native Method)at java.lang.ClassLoader.defineClass(ClassLoader.java:763)at java.security.SecureClassLoader.defineClass(SecureClassLoader.java:142)at java.net.URLClassLoader.defineClass(URLClassLoader.java:467)at java.net.URLClassLoader.access$100(URLClassLoader.java:73)at java.net.URLClassLoader$1.run(URLClassLoader.java:368)at java.net.URLClassLoader$1.run(URLClassLoader.java:362)at java.security.AccessController.doPrivileged(Native Method)at java.net.URLClassLoader.findClass(URLClassLoader.java:361)at java.lang.ClassLoader.loadClass(ClassLoader.java:424)at sun.misc.Launcher$AppClassLoader.loadClass(Launcher.java:335)at java.lang.ClassLoader.loadClass(ClassLoader.java:357)at molcritpost.Demo.excelReader(Demo.java:22)at molcritpost.Demo.data(Demo.java:33)at sun.reflect.NativeMethodAccessorImpl.invoke0(Native Method)at sun.reflect.NativeMethodAccessorImpl.invoke(NativeMethodAccessorImpl.java:62)at sun.reflect.DelegatingMethodAccessorImpl.invoke(DelegatingMethodAccessorImpl.java:43)at java.lang.reflect.Method.invoke(Method.java:498)at org.testng.internal.MethodInvocationHelper.invokeMethod(MethodInvocationHelper.java:124)at org.testng.internal.MethodInvocationHelper.invokeMethod(MethodInvocationHelper.java:74)at org.testng.internal.MethodInvocationHelper.invokeMethodNoCheckedException(MethodInvocationHelper.java:45)... 22 moreCaused by: java.lang.ClassNotFoundException: org.apache.poi.ss.usermodel.Workbookat java.net.URLClassLoader.findClass(URLClassLoader.java:381)at java.lang.ClassLoader.loadClass(ClassLoader.java:424)at sun.misc.Launcher$AppClassLoader.loadClass(Launcher.java:335)at java.lang.ClassLoader.loadClass(ClassLoader.java:357)... 43 more]]>
            </full-stacktrace>
          </exception> <!-- java.lang.RuntimeException -->
          <reporter-output>
          </reporter-output>
        </test-method> <!-- testFeature -->
      </class> <!-- molcritpost.Demo -->
    </test> <!-- Default test -->
  </suite> <!-- Default suite -->
</testng-results>
