<?xml version="1.0" encoding="UTF-8"?>
<!-- Generated by org.testng.reporters.JUnitXMLReporter -->
<testsuite hostname="PARTHA-PC" ignored="0" name="Test" tests="3" failures="0" timestamp="16 Nov 2017 05:58:29 GMT" time="38.826" errors="0">
  <testcase name="@BeforeMethod loginTest" time="0.394" classname="com.kritpost.generic.BaseTest">
    <failure type="org.openqa.selenium.NoSuchWindowException" message="no such window: target window already closed
from unknown error: web view not found
  (Session info: chrome=61.0.3163.100)
  (Driver info: chromedriver=2.31.488763 (092de99f48a300323ecf8c2a4e2e7cab51de5ba8),platform=Windows NT 6.1.7601 SP1 x86_64) (WARNING: The server did not provide any stacktrace information)
Command duration or timeout: 0 milliseconds
Build info: version: &amp;apos;3.7.1&amp;apos;, revision: &amp;apos;8a0099a&amp;apos;, time: &amp;apos;2017-11-06T21:01:39.354Z&amp;apos;
System info: host: &amp;apos;PARTHA-PC&amp;apos;, ip: &amp;apos;192.168.188.1&amp;apos;, os.name: &amp;apos;Windows 7&amp;apos;, os.arch: &amp;apos;amd64&amp;apos;, os.version: &amp;apos;6.1&amp;apos;, java.version: &amp;apos;1.8.0_144&amp;apos;
Driver info: org.openqa.selenium.chrome.ChromeDriver
Capabilities {acceptSslCerts: true, applicationCacheEnabled: false, browserConnectionEnabled: false, browserName: chrome, chrome: {chromedriverVersion: 2.31.488763 (092de99f48a300..., userDataDir: C:\Users\PARTHA\AppData\Loc...}, cssSelectorsEnabled: true, databaseEnabled: false, handlesAlerts: true, hasTouchScreen: false, javascriptEnabled: true, locationContextEnabled: true, mobileEmulationEnabled: false, nativeEvents: true, networkConnectionEnabled: false, pageLoadStrategy: normal, platform: XP, platformName: XP, rotatable: false, setWindowRect: true, takesHeapSnapshot: true, takesScreenshot: true, unexpectedAlertBehaviour: , unhandledPromptBehavior: , version: 61.0.3163.100, webStorageEnabled: true}
Session ID: 59477178a091dc8259a392d7b9462341
*** Element info: {Using=id, value=userName}">
      <![CDATA[org.openqa.selenium.NoSuchWindowException: no such window: target window already closed
from unknown error: web view not found
  (Session info: chrome=61.0.3163.100)
  (Driver info: chromedriver=2.31.488763 (092de99f48a300323ecf8c2a4e2e7cab51de5ba8),platform=Windows NT 6.1.7601 SP1 x86_64) (WARNING: The server did not provide any stacktrace information)
Command duration or timeout: 0 milliseconds
Build info: version: '3.7.1', revision: '8a0099a', time: '2017-11-06T21:01:39.354Z'
System info: host: 'PARTHA-PC', ip: '192.168.188.1', os.name: 'Windows 7', os.arch: 'amd64', os.version: '6.1', java.version: '1.8.0_144'
Driver info: org.openqa.selenium.chrome.ChromeDriver
Capabilities {acceptSslCerts: true, applicationCacheEnabled: false, browserConnectionEnabled: false, browserName: chrome, chrome: {chromedriverVersion: 2.31.488763 (092de99f48a300..., userDataDir: C:\Users\PARTHA\AppData\Loc...}, cssSelectorsEnabled: true, databaseEnabled: false, handlesAlerts: true, hasTouchScreen: false, javascriptEnabled: true, locationContextEnabled: true, mobileEmulationEnabled: false, nativeEvents: true, networkConnectionEnabled: false, pageLoadStrategy: normal, platform: XP, platformName: XP, rotatable: false, setWindowRect: true, takesHeapSnapshot: true, takesScreenshot: true, unexpectedAlertBehaviour: , unhandledPromptBehavior: , version: 61.0.3163.100, webStorageEnabled: true}
Session ID: 59477178a091dc8259a392d7b9462341
*** Element info: {Using=id, value=userName}
	at org.openqa.selenium.remote.ErrorHandler.createThrowable(ErrorHandler.java:214)
	at org.openqa.selenium.remote.ErrorHandler.throwIfResponseFailed(ErrorHandler.java:166)
	at org.openqa.selenium.remote.http.JsonHttpResponseCodec.reconstructValue(JsonHttpResponseCodec.java:40)
	at org.openqa.selenium.remote.http.AbstractHttpResponseCodec.decode(AbstractHttpResponseCodec.java:80)
	at org.openqa.selenium.remote.http.AbstractHttpResponseCodec.decode(AbstractHttpResponseCodec.java:44)
	at org.openqa.selenium.remote.HttpCommandExecutor.execute(HttpCommandExecutor.java:164)
	at org.openqa.selenium.remote.service.DriverCommandExecutor.execute(DriverCommandExecutor.java:83)
	at org.openqa.selenium.remote.RemoteWebDriver.execute(RemoteWebDriver.java:600)
	at org.openqa.selenium.remote.RemoteWebDriver.findElement(RemoteWebDriver.java:370)
	at org.openqa.selenium.remote.RemoteWebDriver.findElementById(RemoteWebDriver.java:416)
	at org.openqa.selenium.By$ById.findElement(By.java:218)
	at org.openqa.selenium.remote.RemoteWebDriver.findElement(RemoteWebDriver.java:362)
	at org.openqa.selenium.support.pagefactory.DefaultElementLocator.findElement(DefaultElementLocator.java:69)
	at org.openqa.selenium.support.pagefactory.internal.LocatingElementHandler.invoke(LocatingElementHandler.java:38)
	at com.sun.proxy.$Proxy10.sendKeys(Unknown Source)
	at com.kritpost.pages.Login_Page.login_Field(Login_Page.java:29)
	at com.kritpost.generic.BaseTest.loginTest(BaseTest.java:38)
... Removed 35 stack frames]]>
    </failure>
  </testcase> <!-- @BeforeMethod loginTest -->
  <testcase name="@AfterClass postConditions" time="0.0" classname="com.kritpost.generic.BaseTest">
    <skipped/>
  </testcase> <!-- @AfterClass postConditions -->
  <testcase name="@BeforeClass preCondition" time="0.0" classname="com.kritpost.generic.BaseTest">
    <skipped/>
  </testcase> <!-- @BeforeClass preCondition -->
  <testcase name="@BeforeMethod loginTest" time="0.0" classname="com.kritpost.generic.BaseTest">
    <skipped/>
  </testcase> <!-- @BeforeMethod loginTest -->
  <testcase name="@AfterClass postConditions" time="0.0" classname="com.kritpost.generic.BaseTest">
    <skipped/>
  </testcase> <!-- @AfterClass postConditions -->
  <testcase name="@BeforeClass preCondition" time="0.0" classname="com.kritpost.generic.BaseTest">
    <skipped/>
  </testcase> <!-- @BeforeClass preCondition -->
  <testcase name="@BeforeMethod loginTest" time="0.0" classname="com.kritpost.generic.BaseTest">
    <skipped/>
  </testcase> <!-- @BeforeMethod loginTest -->
  <testcase name="@AfterClass postConditions" time="0.0" classname="com.kritpost.generic.BaseTest">
    <skipped/>
  </testcase> <!-- @AfterClass postConditions -->
  <testcase name="creatingCampaign" time="0.0" classname="com.kritpost.tests.OwnerCreatingCampaign_Test">
    <skipped/>
  </testcase> <!-- creatingCampaign -->
  <testcase name="edit" time="0.0" classname="com.kritpost.tests.OwnerEditingCampaign_Test">
    <skipped/>
  </testcase> <!-- edit -->
  <testcase name="ownerDeletingCampaign" time="0.0" classname="com.kritpost.tests.OwnerDeleteCampaign_Test">
    <skipped/>
  </testcase> <!-- ownerDeletingCampaign -->
</testsuite> <!-- Test -->
